<?xml version="1.0" encoding="UTF-8"?>
<testng-results skipped="0" failed="0" ignored="1" total="2" passed="1">
  <reporter-output>
  </reporter-output>
  <suite name="Surefire suite" duration-ms="65" started-at="2020-03-25T22:23:43Z" finished-at="2020-03-25T22:23:43Z">
    <groups>
    </groups>
    <test name="Surefire test" duration-ms="65" started-at="2020-03-25T22:23:43Z" finished-at="2020-03-25T22:23:43Z">
      <class name="Testcases.SumTest">
        <test-method status="PASS" signature="sumPositiveTest()[pri:0, instance:Testcases.SumTest@4563e9ab]" name="sumPositiveTest" duration-ms="24" started-at="2020-03-25T22:23:43Z" finished-at="2020-03-25T22:23:43Z">
          <reporter-output>
          </reporter-output>
        </test-method> <!-- sumPositiveTest -->
      </class> <!-- Testcases.SumTest -->
    </test> <!-- Surefire test -->
  </suite> <!-- Surefire suite -->
</testng-results>
